{"/Users/gvqz/dev/github/aww-rats/rat-battle-functions/src/index.ts": {"path":"/Users/gvqz/dev/github/aww-rats/rat-battle-functions/src/index.ts","statementMap":{},"fnMap":{},"branchMap":{},"s":{},"f":{},"b":{},"_coverageSchema":"1a1c01bbd47fc00a2c39e90264f33305004495a9","hash":"f17fce56063e27113efcf48ac8a8037356fea776"}
,"/Users/gvqz/dev/github/aww-rats/rat-battle-functions/src/config/env.ts": {"path":"/Users/gvqz/dev/github/aww-rats/rat-battle-functions/src/config/env.ts","statementMap":{"0":{"start":{"line":2,"column":0},"end":{"line":2,"column":9}},"1":{"start":{"line":3,"column":27},"end":{"line":3,"column":53}},"2":{"start":{"line":4,"column":29},"end":{"line":4,"column":60}},"3":{"start":{"line":5,"column":36},"end":{"line":5,"column":74}},"4":{"start":{"line":7,"column":2},"end":{"line":7,"column":43}},"5":{"start":{"line":8,"column":34},"end":{"line":8,"column":36}},"6":{"start":{"line":9,"column":20},"end":{"line":9,"column":44}},"7":{"start":{"line":11,"column":2},"end":{"line":11,"column":56}},"8":{"start":{"line":12,"column":35},"end":{"line":12,"column":72}},"9":{"start":{"line":13,"column":30},"end":{"line":13,"column":62}}},"fnMap":{},"branchMap":{"0":{"loc":{"start":{"line":4,"column":29},"end":{"line":4,"column":60}},"type":"binary-expr","locations":[{"start":{"line":4,"column":29},"end":{"line":4,"column":54}},{"start":{"line":4,"column":58},"end":{"line":4,"column":60}}],"line":4},"1":{"loc":{"start":{"line":5,"column":36},"end":{"line":5,"column":74}},"type":"binary-expr","locations":[{"start":{"line":5,"column":36},"end":{"line":5,"column":68}},{"start":{"line":5,"column":72},"end":{"line":5,"column":74}}],"line":5},"2":{"loc":{"start":{"line":7,"column":2},"end":{"line":7,"column":43}},"type":"binary-expr","locations":[{"start":{"line":7,"column":2},"end":{"line":7,"column":37}},{"start":{"line":7,"column":41},"end":{"line":7,"column":43}}],"line":7},"3":{"loc":{"start":{"line":9,"column":20},"end":{"line":9,"column":44}},"type":"binary-expr","locations":[{"start":{"line":9,"column":20},"end":{"line":9,"column":36}},{"start":{"line":9,"column":40},"end":{"line":9,"column":44}}],"line":9},"4":{"loc":{"start":{"line":11,"column":2},"end":{"line":11,"column":56}},"type":"binary-expr","locations":[{"start":{"line":11,"column":2},"end":{"line":11,"column":29}},{"start":{"line":11,"column":33},"end":{"line":11,"column":56}}],"line":11},"5":{"loc":{"start":{"line":12,"column":35},"end":{"line":12,"column":72}},"type":"binary-expr","locations":[{"start":{"line":12,"column":35},"end":{"line":12,"column":66}},{"start":{"line":12,"column":70},"end":{"line":12,"column":72}}],"line":12},"6":{"loc":{"start":{"line":13,"column":30},"end":{"line":13,"column":62}},"type":"binary-expr","locations":[{"start":{"line":13,"column":30},"end":{"line":13,"column":56}},{"start":{"line":13,"column":60},"end":{"line":13,"column":62}}],"line":13}},"s":{"0":1,"1":1,"2":1,"3":1,"4":1,"5":1,"6":1,"7":1,"8":1,"9":1},"f":{},"b":{"0":[1,0],"1":[1,0],"2":[1,0],"3":[1,1],"4":[1,0],"5":[1,0],"6":[1,0]},"_coverageSchema":"1a1c01bbd47fc00a2c39e90264f33305004495a9","hash":"7b65172cba72523e7df16e26d856e17059990d37"}
,"/Users/gvqz/dev/github/aww-rats/rat-battle-functions/src/functions/auth/index.ts": {"path":"/Users/gvqz/dev/github/aww-rats/rat-battle-functions/src/functions/auth/index.ts","statementMap":{"0":{"start":{"line":10,"column":33},"end":{"line":17,"column":1}},"1":{"start":{"line":11,"column":17},"end":{"line":11,"column":32}},"2":{"start":{"line":12,"column":44},"end":{"line":15,"column":3}},"3":{"start":{"line":16,"column":2},"end":{"line":16,"column":26}},"4":{"start":{"line":19,"column":34},"end":{"line":31,"column":1}},"5":{"start":{"line":20,"column":26},"end":{"line":20,"column":40}},"6":{"start":{"line":21,"column":17},"end":{"line":21,"column":41}},"7":{"start":{"line":22,"column":2},"end":{"line":29,"column":3}},"8":{"start":{"line":23,"column":4},"end":{"line":27,"column":7}},"9":{"start":{"line":28,"column":4},"end":{"line":28,"column":42}},"10":{"start":{"line":30,"column":2},"end":{"line":30,"column":53}},"11":{"start":{"line":33,"column":0},"end":{"line":33,"column":31}},"12":{"start":{"line":35,"column":0},"end":{"line":35,"column":43}}},"fnMap":{"0":{"name":"(anonymous_0)","decl":{"start":{"line":10,"column":33},"end":{"line":10,"column":34}},"loc":{"start":{"line":10,"column":51},"end":{"line":17,"column":1}},"line":10},"1":{"name":"(anonymous_1)","decl":{"start":{"line":19,"column":34},"end":{"line":19,"column":35}},"loc":{"start":{"line":19,"column":54},"end":{"line":31,"column":1}},"line":19}},"branchMap":{"0":{"loc":{"start":{"line":14,"column":21},"end":{"line":14,"column":50}},"type":"cond-expr","locations":[{"start":{"line":14,"column":30},"end":{"line":14,"column":36}},{"start":{"line":14,"column":39},"end":{"line":14,"column":50}}],"line":14},"1":{"loc":{"start":{"line":22,"column":2},"end":{"line":29,"column":3}},"type":"if","locations":[{"start":{"line":22,"column":2},"end":{"line":29,"column":3}},{"start":{},"end":{}}],"line":22},"2":{"loc":{"start":{"line":22,"column":6},"end":{"line":22,"column":47}},"type":"binary-expr","locations":[{"start":{"line":22,"column":6},"end":{"line":22,"column":12}},{"start":{"line":22,"column":16},"end":{"line":22,"column":47}}],"line":22}},"s":{"0":1,"1":2,"2":2,"3":2,"4":1,"5":2,"6":2,"7":2,"8":1,"9":1,"10":1,"11":1,"12":1},"f":{"0":2,"1":2},"b":{"0":[1,1],"1":[1,1],"2":[2,1]},"_coverageSchema":"1a1c01bbd47fc00a2c39e90264f33305004495a9","hash":"421bbacf2853259c86bd2c132682245afea073e8"}
,"/Users/gvqz/dev/github/aww-rats/rat-battle-functions/src/functions/caching/index.ts": {"path":"/Users/gvqz/dev/github/aww-rats/rat-battle-functions/src/functions/caching/index.ts","statementMap":{"0":{"start":{"line":13,"column":43},"end":{"line":13,"column":46}},"1":{"start":{"line":25,"column":4},"end":{"line":40,"column":1}},"2":{"start":{"line":26,"column":49},"end":{"line":26,"column":57}},"3":{"start":{"line":27,"column":2},"end":{"line":39,"column":3}},"4":{"start":{"line":28,"column":18},"end":{"line":32,"column":6}},"5":{"start":{"line":33,"column":4},"end":{"line":35,"column":7}},"6":{"start":{"line":37,"column":4},"end":{"line":37,"column":23}},"7":{"start":{"line":38,"column":4},"end":{"line":38,"column":48}},"8":{"start":{"line":44,"column":4},"end":{"line":52,"column":1}},"9":{"start":{"line":45,"column":2},"end":{"line":51,"column":3}},"10":{"start":{"line":46,"column":19},"end":{"line":46,"column":42}},"11":{"start":{"line":47,"column":4},"end":{"line":47,"column":49}},"12":{"start":{"line":49,"column":4},"end":{"line":49,"column":23}},"13":{"start":{"line":50,"column":4},"end":{"line":50,"column":48}},"14":{"start":{"line":54,"column":0},"end":{"line":54,"column":49}},"15":{"start":{"line":55,"column":0},"end":{"line":55,"column":65}}},"fnMap":{"0":{"name":"(anonymous_0)","decl":{"start":{"line":25,"column":4},"end":{"line":25,"column":5}},"loc":{"start":{"line":25,"column":24},"end":{"line":40,"column":1}},"line":25},"1":{"name":"(anonymous_1)","decl":{"start":{"line":44,"column":4},"end":{"line":44,"column":5}},"loc":{"start":{"line":44,"column":22},"end":{"line":52,"column":1}},"line":44}},"branchMap":{},"s":{"0":1,"1":1,"2":0,"3":0,"4":0,"5":0,"6":0,"7":0,"8":1,"9":0,"10":0,"11":0,"12":0,"13":0,"14":1,"15":1},"f":{"0":0,"1":0},"b":{},"_coverageSchema":"1a1c01bbd47fc00a2c39e90264f33305004495a9","hash":"912a21db37fbb0e08952baaada2f1a17b4aa55f5"}
,"/Users/gvqz/dev/github/aww-rats/rat-battle-functions/src/functions/encounters/index.ts": {"path":"/Users/gvqz/dev/github/aww-rats/rat-battle-functions/src/functions/encounters/index.ts","statementMap":{"0":{"start":{"line":9,"column":38},"end":{"line":122,"column":1}},"1":{"start":{"line":10,"column":36},"end":{"line":10,"column":50}},"2":{"start":{"line":11,"column":21},"end":{"line":11,"column":31}},"3":{"start":{"line":12,"column":56},"end":{"line":12,"column":59}},"4":{"start":{"line":13,"column":2},"end":{"line":121,"column":73}},"5":{"start":{"line":14,"column":44},"end":{"line":16,"column":6}},"6":{"start":{"line":17,"column":4},"end":{"line":19,"column":5}},"7":{"start":{"line":18,"column":6},"end":{"line":18,"column":73}},"8":{"start":{"line":20,"column":24},"end":{"line":20,"column":64}},"9":{"start":{"line":21,"column":4},"end":{"line":25,"column":5}},"10":{"start":{"line":22,"column":6},"end":{"line":24,"column":65}},"11":{"start":{"line":26,"column":4},"end":{"line":30,"column":5}},"12":{"start":{"line":27,"column":6},"end":{"line":29,"column":61}},"13":{"start":{"line":31,"column":4},"end":{"line":33,"column":5}},"14":{"start":{"line":32,"column":6},"end":{"line":32,"column":62}},"15":{"start":{"line":34,"column":4},"end":{"line":36,"column":5}},"16":{"start":{"line":35,"column":6},"end":{"line":35,"column":72}},"17":{"start":{"line":38,"column":20},"end":{"line":38,"column":45}},"18":{"start":{"line":40,"column":4},"end":{"line":42,"column":5}},"19":{"start":{"line":41,"column":6},"end":{"line":41,"column":75}},"20":{"start":{"line":44,"column":24},"end":{"line":78,"column":5}},"21":{"start":{"line":45,"column":27},"end":{"line":68,"column":7}},"22":{"start":{"line":50,"column":14},"end":{"line":52,"column":15}},"23":{"start":{"line":55,"column":30},"end":{"line":58,"column":15}},"24":{"start":{"line":63,"column":27},"end":{"line":63,"column":65}},"25":{"start":{"line":80,"column":23},"end":{"line":82,"column":5}},"26":{"start":{"line":81,"column":16},"end":{"line":81,"column":29}},"27":{"start":{"line":83,"column":24},"end":{"line":85,"column":5}},"28":{"start":{"line":84,"column":16},"end":{"line":84,"column":31}},"29":{"start":{"line":88,"column":6},"end":{"line":105,"column":7}},"30":{"start":{"line":90,"column":10},"end":{"line":94,"column":11}},"31":{"start":{"line":92,"column":22},"end":{"line":92,"column":77}},"32":{"start":{"line":99,"column":10},"end":{"line":103,"column":11}},"33":{"start":{"line":101,"column":22},"end":{"line":101,"column":77}},"34":{"start":{"line":107,"column":16},"end":{"line":107,"column":41}},"35":{"start":{"line":108,"column":16},"end":{"line":108,"column":45}},"36":{"start":{"line":109,"column":17},"end":{"line":109,"column":47}},"37":{"start":{"line":110,"column":19},"end":{"line":110,"column":42}},"38":{"start":{"line":111,"column":22},"end":{"line":111,"column":59}},"39":{"start":{"line":113,"column":20},"end":{"line":118,"column":6}},"40":{"start":{"line":120,"column":4},"end":{"line":120,"column":32}},"41":{"start":{"line":121,"column":9},"end":{"line":121,"column":73}},"42":{"start":{"line":124,"column":0},"end":{"line":124,"column":56}}},"fnMap":{"0":{"name":"(anonymous_0)","decl":{"start":{"line":9,"column":38},"end":{"line":9,"column":39}},"loc":{"start":{"line":9,"column":58},"end":{"line":122,"column":1}},"line":9},"1":{"name":"(anonymous_1)","decl":{"start":{"line":45,"column":6},"end":{"line":45,"column":7}},"loc":{"start":{"line":45,"column":27},"end":{"line":68,"column":7}},"line":45},"2":{"name":"(anonymous_2)","decl":{"start":{"line":49,"column":20},"end":{"line":49,"column":21}},"loc":{"start":{"line":50,"column":14},"end":{"line":52,"column":15}},"line":50},"3":{"name":"(anonymous_3)","decl":{"start":{"line":55,"column":14},"end":{"line":55,"column":15}},"loc":{"start":{"line":55,"column":30},"end":{"line":58,"column":15}},"line":55},"4":{"name":"(anonymous_4)","decl":{"start":{"line":63,"column":20},"end":{"line":63,"column":21}},"loc":{"start":{"line":63,"column":27},"end":{"line":63,"column":65}},"line":63},"5":{"name":"(anonymous_5)","decl":{"start":{"line":81,"column":6},"end":{"line":81,"column":7}},"loc":{"start":{"line":81,"column":16},"end":{"line":81,"column":29}},"line":81},"6":{"name":"(anonymous_6)","decl":{"start":{"line":84,"column":6},"end":{"line":84,"column":7}},"loc":{"start":{"line":84,"column":16},"end":{"line":84,"column":31}},"line":84},"7":{"name":"(anonymous_7)","decl":{"start":{"line":89,"column":8},"end":{"line":89,"column":9}},"loc":{"start":{"line":90,"column":10},"end":{"line":94,"column":11}},"line":90},"8":{"name":"(anonymous_8)","decl":{"start":{"line":92,"column":12},"end":{"line":92,"column":13}},"loc":{"start":{"line":92,"column":22},"end":{"line":92,"column":77}},"line":92},"9":{"name":"(anonymous_9)","decl":{"start":{"line":98,"column":8},"end":{"line":98,"column":9}},"loc":{"start":{"line":99,"column":10},"end":{"line":103,"column":11}},"line":99},"10":{"name":"(anonymous_10)","decl":{"start":{"line":101,"column":12},"end":{"line":101,"column":13}},"loc":{"start":{"line":101,"column":22},"end":{"line":101,"column":77}},"line":101}},"branchMap":{"0":{"loc":{"start":{"line":13,"column":2},"end":{"line":121,"column":73}},"type":"if","locations":[{"start":{"line":13,"column":2},"end":{"line":121,"column":73}},{"start":{"line":121,"column":9},"end":{"line":121,"column":73}}],"line":13},"1":{"loc":{"start":{"line":17,"column":4},"end":{"line":19,"column":5}},"type":"if","locations":[{"start":{"line":17,"column":4},"end":{"line":19,"column":5}},{"start":{},"end":{}}],"line":17},"2":{"loc":{"start":{"line":21,"column":4},"end":{"line":25,"column":5}},"type":"if","locations":[{"start":{"line":21,"column":4},"end":{"line":25,"column":5}},{"start":{},"end":{}}],"line":21},"3":{"loc":{"start":{"line":26,"column":4},"end":{"line":30,"column":5}},"type":"if","locations":[{"start":{"line":26,"column":4},"end":{"line":30,"column":5}},{"start":{},"end":{}}],"line":26},"4":{"loc":{"start":{"line":31,"column":4},"end":{"line":33,"column":5}},"type":"if","locations":[{"start":{"line":31,"column":4},"end":{"line":33,"column":5}},{"start":{},"end":{}}],"line":31},"5":{"loc":{"start":{"line":34,"column":4},"end":{"line":36,"column":5}},"type":"if","locations":[{"start":{"line":34,"column":4},"end":{"line":36,"column":5}},{"start":{},"end":{}}],"line":34},"6":{"loc":{"start":{"line":40,"column":4},"end":{"line":42,"column":5}},"type":"if","locations":[{"start":{"line":40,"column":4},"end":{"line":42,"column":5}},{"start":{},"end":{}}],"line":40},"7":{"loc":{"start":{"line":51,"column":16},"end":{"line":51,"column":49}},"type":"binary-expr","locations":[{"start":{"line":51,"column":16},"end":{"line":51,"column":43}},{"start":{"line":51,"column":47},"end":{"line":51,"column":49}}],"line":51},"8":{"loc":{"start":{"line":57,"column":17},"end":{"line":57,"column":53}},"type":"binary-expr","locations":[{"start":{"line":57,"column":17},"end":{"line":57,"column":47}},{"start":{"line":57,"column":51},"end":{"line":57,"column":53}}],"line":57},"9":{"loc":{"start":{"line":62,"column":12},"end":{"line":66,"column":34}},"type":"binary-expr","locations":[{"start":{"line":62,"column":12},"end":{"line":66,"column":28}},{"start":{"line":66,"column":32},"end":{"line":66,"column":34}}],"line":62}},"s":{"0":1,"1":0,"2":0,"3":0,"4":0,"5":0,"6":0,"7":0,"8":0,"9":0,"10":0,"11":0,"12":0,"13":0,"14":0,"15":0,"16":0,"17":0,"18":0,"19":0,"20":0,"21":0,"22":0,"23":0,"24":0,"25":0,"26":0,"27":0,"28":0,"29":0,"30":0,"31":0,"32":0,"33":0,"34":0,"35":0,"36":0,"37":0,"38":0,"39":0,"40":0,"41":0,"42":1},"f":{"0":0,"1":0,"2":0,"3":0,"4":0,"5":0,"6":0,"7":0,"8":0,"9":0,"10":0},"b":{"0":[0,0],"1":[0,0],"2":[0,0],"3":[0,0],"4":[0,0],"5":[0,0],"6":[0,0],"7":[0,0],"8":[0,0],"9":[0,0]},"_coverageSchema":"1a1c01bbd47fc00a2c39e90264f33305004495a9","hash":"e90de5ba5aaee1c0735d2f42645e0d594d152e9d"}
,"/Users/gvqz/dev/github/aww-rats/rat-battle-functions/src/lib/ethers.ts": {"path":"/Users/gvqz/dev/github/aww-rats/rat-battle-functions/src/lib/ethers.ts","statementMap":{"0":{"start":{"line":4,"column":12},"end":{"line":7,"column":1}},"1":{"start":{"line":9,"column":24},"end":{"line":9,"column":73}},"2":{"start":{"line":11,"column":19},"end":{"line":11,"column":75}}},"fnMap":{},"branchMap":{},"s":{"0":1,"1":1,"2":1},"f":{},"b":{},"_coverageSchema":"1a1c01bbd47fc00a2c39e90264f33305004495a9","hash":"5553a9d2a2466eb5064085d43392e31be2536542"}
,"/Users/gvqz/dev/github/aww-rats/rat-battle-functions/src/lib/express.ts": {"path":"/Users/gvqz/dev/github/aww-rats/rat-battle-functions/src/lib/express.ts","statementMap":{"0":{"start":{"line":7,"column":10},"end":{"line":7,"column":19}},"1":{"start":{"line":8,"column":0},"end":{"line":12,"column":2}},"2":{"start":{"line":13,"column":0},"end":{"line":13,"column":35}},"3":{"start":{"line":15,"column":0},"end":{"line":17,"column":1}},"4":{"start":{"line":16,"column":2},"end":{"line":16,"column":23}},"5":{"start":{"line":19,"column":0},"end":{"line":27,"column":3}},"6":{"start":{"line":20,"column":17},"end":{"line":25,"column":7}},"7":{"start":{"line":21,"column":24},"end":{"line":21,"column":62}},"8":{"start":{"line":22,"column":22},"end":{"line":25,"column":5}},"9":{"start":{"line":26,"column":2},"end":{"line":26,"column":26}},"10":{"start":{"line":29,"column":19},"end":{"line":29,"column":20}}},"fnMap":{"0":{"name":"(anonymous_0)","decl":{"start":{"line":19,"column":24},"end":{"line":19,"column":25}},"loc":{"start":{"line":19,"column":36},"end":{"line":27,"column":1}},"line":19},"1":{"name":"(anonymous_1)","decl":{"start":{"line":21,"column":12},"end":{"line":21,"column":13}},"loc":{"start":{"line":21,"column":24},"end":{"line":21,"column":62}},"line":21},"2":{"name":"(anonymous_2)","decl":{"start":{"line":22,"column":9},"end":{"line":22,"column":10}},"loc":{"start":{"line":22,"column":22},"end":{"line":25,"column":5}},"line":22}},"branchMap":{"0":{"loc":{"start":{"line":15,"column":0},"end":{"line":17,"column":1}},"type":"if","locations":[{"start":{"line":15,"column":0},"end":{"line":17,"column":1}},{"start":{},"end":{}}],"line":15},"1":{"loc":{"start":{"line":21,"column":24},"end":{"line":21,"column":62}},"type":"binary-expr","locations":[{"start":{"line":21,"column":24},"end":{"line":21,"column":38}},{"start":{"line":21,"column":42},"end":{"line":21,"column":62}}],"line":21}},"s":{"0":1,"1":1,"2":1,"3":1,"4":1,"5":1,"6":0,"7":0,"8":0,"9":0,"10":1},"f":{"0":0,"1":0,"2":0},"b":{"0":[1,0],"1":[0,0]},"_coverageSchema":"1a1c01bbd47fc00a2c39e90264f33305004495a9","hash":"dfba1db90cf4f8f7014383921ec1173fc9ee5227"}
,"/Users/gvqz/dev/github/aww-rats/rat-battle-functions/src/lib/graphql.ts": {"path":"/Users/gvqz/dev/github/aww-rats/rat-battle-functions/src/lib/graphql.ts","statementMap":{"0":{"start":{"line":5,"column":15},"end":{"line":7,"column":2}},"1":{"start":{"line":9,"column":19},"end":{"line":9,"column":33}}},"fnMap":{},"branchMap":{},"s":{"0":1,"1":1},"f":{},"b":{},"_coverageSchema":"1a1c01bbd47fc00a2c39e90264f33305004495a9","hash":"9b6f5b7a7c125cf12b1403fd5e5d642aa72fc1ec"}
,"/Users/gvqz/dev/github/aww-rats/rat-battle-functions/src/middleware/auth.ts": {"path":"/Users/gvqz/dev/github/aww-rats/rat-battle-functions/src/middleware/auth.ts","statementMap":{"0":{"start":{"line":3,"column":46},"end":{"line":18,"column":1}},"1":{"start":{"line":4,"column":2},"end":{"line":16,"column":3}},"2":{"start":{"line":5,"column":19},"end":{"line":5,"column":43}},"3":{"start":{"line":6,"column":4},"end":{"line":12,"column":5}},"4":{"start":{"line":7,"column":6},"end":{"line":11,"column":9}},"5":{"start":{"line":13,"column":4},"end":{"line":13,"column":29}},"6":{"start":{"line":15,"column":4},"end":{"line":15,"column":21}},"7":{"start":{"line":17,"column":2},"end":{"line":17,"column":16}}},"fnMap":{"0":{"name":"(anonymous_0)","decl":{"start":{"line":3,"column":46},"end":{"line":3,"column":47}},"loc":{"start":{"line":3,"column":72},"end":{"line":18,"column":1}},"line":3}},"branchMap":{"0":{"loc":{"start":{"line":6,"column":4},"end":{"line":12,"column":5}},"type":"if","locations":[{"start":{"line":6,"column":4},"end":{"line":12,"column":5}},{"start":{},"end":{}}],"line":6}},"s":{"0":1,"1":2,"2":2,"3":2,"4":1,"5":2,"6":0,"7":2},"f":{"0":2},"b":{"0":[1,1]},"_coverageSchema":"1a1c01bbd47fc00a2c39e90264f33305004495a9","hash":"cb262309f45b059cff144127e2bb50d106a34e3e"}
,"/Users/gvqz/dev/github/aww-rats/rat-battle-functions/src/middleware/checkApiKey.ts": {"path":"/Users/gvqz/dev/github/aww-rats/rat-battle-functions/src/middleware/checkApiKey.ts","statementMap":{"0":{"start":{"line":4,"column":43},"end":{"line":14,"column":1}},"1":{"start":{"line":5,"column":2},"end":{"line":12,"column":3}},"2":{"start":{"line":6,"column":19},"end":{"line":6,"column":44}},"3":{"start":{"line":7,"column":4},"end":{"line":9,"column":5}},"4":{"start":{"line":8,"column":6},"end":{"line":8,"column":52}},"5":{"start":{"line":11,"column":4},"end":{"line":11,"column":21}},"6":{"start":{"line":13,"column":2},"end":{"line":13,"column":16}}},"fnMap":{"0":{"name":"(anonymous_0)","decl":{"start":{"line":4,"column":43},"end":{"line":4,"column":44}},"loc":{"start":{"line":4,"column":69},"end":{"line":14,"column":1}},"line":4}},"branchMap":{"0":{"loc":{"start":{"line":7,"column":4},"end":{"line":9,"column":5}},"type":"if","locations":[{"start":{"line":7,"column":4},"end":{"line":9,"column":5}},{"start":{},"end":{}}],"line":7},"1":{"loc":{"start":{"line":7,"column":8},"end":{"line":7,"column":44}},"type":"binary-expr","locations":[{"start":{"line":7,"column":8},"end":{"line":7,"column":15}},{"start":{"line":7,"column":19},"end":{"line":7,"column":44}}],"line":7}},"s":{"0":1,"1":0,"2":0,"3":0,"4":0,"5":0,"6":0},"f":{"0":0},"b":{"0":[0,0],"1":[0,0]},"_coverageSchema":"1a1c01bbd47fc00a2c39e90264f33305004495a9","hash":"0219e799d0bce8530e41d752da68418f9fbf4782"}
,"/Users/gvqz/dev/github/aww-rats/rat-battle-functions/src/middleware/getPlayer.ts": {"path":"/Users/gvqz/dev/github/aww-rats/rat-battle-functions/src/middleware/getPlayer.ts","statementMap":{"0":{"start":{"line":4,"column":41},"end":{"line":20,"column":1}},"1":{"start":{"line":5,"column":2},"end":{"line":18,"column":3}},"2":{"start":{"line":6,"column":19},"end":{"line":6,"column":65}},"3":{"start":{"line":7,"column":30},"end":{"line":7,"column":33}},"4":{"start":{"line":8,"column":17},"end":{"line":10,"column":6}},"5":{"start":{"line":11,"column":4},"end":{"line":14,"column":5}},"6":{"start":{"line":13,"column":6},"end":{"line":13,"column":71}},"7":{"start":{"line":15,"column":4},"end":{"line":15,"column":43}},"8":{"start":{"line":17,"column":4},"end":{"line":17,"column":21}},"9":{"start":{"line":19,"column":2},"end":{"line":19,"column":16}}},"fnMap":{"0":{"name":"(anonymous_0)","decl":{"start":{"line":4,"column":41},"end":{"line":4,"column":42}},"loc":{"start":{"line":4,"column":67},"end":{"line":20,"column":1}},"line":4}},"branchMap":{"0":{"loc":{"start":{"line":11,"column":4},"end":{"line":14,"column":5}},"type":"if","locations":[{"start":{"line":11,"column":4},"end":{"line":14,"column":5}},{"start":{},"end":{}}],"line":11}},"s":{"0":1,"1":0,"2":0,"3":0,"4":0,"5":0,"6":0,"7":0,"8":0,"9":0},"f":{"0":0},"b":{"0":[0,0]},"_coverageSchema":"1a1c01bbd47fc00a2c39e90264f33305004495a9","hash":"a200fbc24473be78c3d2eb98673e0d1b6d62aedc"}
,"/Users/gvqz/dev/github/aww-rats/rat-battle-functions/src/schema/generated.ts": {"path":"/Users/gvqz/dev/github/aww-rats/rat-battle-functions/src/schema/generated.ts","statementMap":{"0":{"start":{"line":8391,"column":47},"end":{"line":8391,"column":2595}},"1":{"start":{"line":8392,"column":37},"end":{"line":8392,"column":5030}},"2":{"start":{"line":8393,"column":39},"end":{"line":8393,"column":767}},"3":{"start":{"line":8394,"column":40},"end":{"line":8394,"column":1501}},"4":{"start":{"line":8395,"column":37},"end":{"line":8395,"column":1124}},"5":{"start":{"line":8400,"column":43},"end":{"line":8400,"column":79}},"6":{"start":{"line":8400,"column":71},"end":{"line":8400,"column":79}},"7":{"start":{"line":8403,"column":2},"end":{"line":8419,"column":4}},"8":{"start":{"line":8405,"column":6},"end":{"line":8405,"column":219}},"9":{"start":{"line":8405,"column":52},"end":{"line":8405,"column":190}},"10":{"start":{"line":8408,"column":6},"end":{"line":8408,"column":189}},"11":{"start":{"line":8408,"column":52},"end":{"line":8408,"column":170}},"12":{"start":{"line":8411,"column":6},"end":{"line":8411,"column":195}},"13":{"start":{"line":8411,"column":52},"end":{"line":8411,"column":174}},"14":{"start":{"line":8414,"column":6},"end":{"line":8414,"column":195}},"15":{"start":{"line":8414,"column":52},"end":{"line":8414,"column":173}},"16":{"start":{"line":8417,"column":6},"end":{"line":8417,"column":186}},"17":{"start":{"line":8417,"column":52},"end":{"line":8417,"column":167}}},"fnMap":{"0":{"name":"(anonymous_0)","decl":{"start":{"line":8400,"column":43},"end":{"line":8400,"column":44}},"loc":{"start":{"line":8400,"column":71},"end":{"line":8400,"column":79}},"line":8400},"1":{"name":"getSdk","decl":{"start":{"line":8402,"column":16},"end":{"line":8402,"column":22}},"loc":{"start":{"line":8402,"column":96},"end":{"line":8420,"column":1}},"line":8402},"2":{"name":"(anonymous_2)","decl":{"start":{"line":8404,"column":4},"end":{"line":8404,"column":5}},"loc":{"start":{"line":8404,"column":168},"end":{"line":8406,"column":5}},"line":8404},"3":{"name":"(anonymous_3)","decl":{"start":{"line":8405,"column":25},"end":{"line":8405,"column":26}},"loc":{"start":{"line":8405,"column":52},"end":{"line":8405,"column":190}},"line":8405},"4":{"name":"(anonymous_4)","decl":{"start":{"line":8407,"column":4},"end":{"line":8407,"column":5}},"loc":{"start":{"line":8407,"column":138},"end":{"line":8409,"column":5}},"line":8407},"5":{"name":"(anonymous_5)","decl":{"start":{"line":8408,"column":25},"end":{"line":8408,"column":26}},"loc":{"start":{"line":8408,"column":52},"end":{"line":8408,"column":170}},"line":8408},"6":{"name":"(anonymous_6)","decl":{"start":{"line":8410,"column":4},"end":{"line":8410,"column":5}},"loc":{"start":{"line":8410,"column":145},"end":{"line":8412,"column":5}},"line":8410},"7":{"name":"(anonymous_7)","decl":{"start":{"line":8411,"column":25},"end":{"line":8411,"column":26}},"loc":{"start":{"line":8411,"column":52},"end":{"line":8411,"column":174}},"line":8411},"8":{"name":"(anonymous_8)","decl":{"start":{"line":8413,"column":4},"end":{"line":8413,"column":5}},"loc":{"start":{"line":8413,"column":141},"end":{"line":8415,"column":5}},"line":8413},"9":{"name":"(anonymous_9)","decl":{"start":{"line":8414,"column":25},"end":{"line":8414,"column":26}},"loc":{"start":{"line":8414,"column":52},"end":{"line":8414,"column":173}},"line":8414},"10":{"name":"(anonymous_10)","decl":{"start":{"line":8416,"column":4},"end":{"line":8416,"column":5}},"loc":{"start":{"line":8416,"column":132},"end":{"line":8418,"column":5}},"line":8416},"11":{"name":"(anonymous_11)","decl":{"start":{"line":8417,"column":25},"end":{"line":8417,"column":26}},"loc":{"start":{"line":8417,"column":52},"end":{"line":8417,"column":167}},"line":8417}},"branchMap":{"0":{"loc":{"start":{"line":8402,"column":46},"end":{"line":8402,"column":94}},"type":"default-arg","locations":[{"start":{"line":8402,"column":80},"end":{"line":8402,"column":94}}],"line":8402}},"s":{"0":1,"1":1,"2":1,"3":1,"4":1,"5":1,"6":0,"7":1,"8":0,"9":0,"10":0,"11":0,"12":0,"13":0,"14":0,"15":0,"16":0,"17":0},"f":{"0":0,"1":1,"2":0,"3":0,"4":0,"5":0,"6":0,"7":0,"8":0,"9":0,"10":0,"11":0},"b":{"0":[1]},"_coverageSchema":"1a1c01bbd47fc00a2c39e90264f33305004495a9","hash":"02e43749b3a854f4a5172b6bbdabcaa7e68ee390"}
,"/Users/gvqz/dev/github/aww-rats/rat-battle-functions/src/types/index.ts": {"path":"/Users/gvqz/dev/github/aww-rats/rat-battle-functions/src/types/index.ts","statementMap":{},"fnMap":{},"branchMap":{},"s":{},"f":{},"b":{},"_coverageSchema":"1a1c01bbd47fc00a2c39e90264f33305004495a9","hash":"005162f1452ec5881e9acdad32d94f5306fd6161"}
,"/Users/gvqz/dev/github/aww-rats/rat-battle-functions/src/utils/checkRatOwners.ts": {"path":"/Users/gvqz/dev/github/aww-rats/rat-battle-functions/src/utils/checkRatOwners.ts","statementMap":{"0":{"start":{"line":3,"column":30},"end":{"line":19,"column":1}},"1":{"start":{"line":7,"column":2},"end":{"line":17,"column":3}},"2":{"start":{"line":8,"column":4},"end":{"line":16,"column":5}},"3":{"start":{"line":9,"column":20},"end":{"line":9,"column":41}},"4":{"start":{"line":10,"column":6},"end":{"line":12,"column":7}},"5":{"start":{"line":11,"column":8},"end":{"line":11,"column":20}},"6":{"start":{"line":14,"column":6},"end":{"line":14,"column":25}},"7":{"start":{"line":15,"column":6},"end":{"line":15,"column":19}},"8":{"start":{"line":18,"column":2},"end":{"line":18,"column":14}}},"fnMap":{"0":{"name":"(anonymous_0)","decl":{"start":{"line":3,"column":30},"end":{"line":3,"column":31}},"loc":{"start":{"line":6,"column":23},"end":{"line":19,"column":1}},"line":6}},"branchMap":{"0":{"loc":{"start":{"line":10,"column":6},"end":{"line":12,"column":7}},"type":"if","locations":[{"start":{"line":10,"column":6},"end":{"line":12,"column":7}},{"start":{},"end":{}}],"line":10}},"s":{"0":1,"1":0,"2":0,"3":0,"4":0,"5":0,"6":0,"7":0,"8":0},"f":{"0":0},"b":{"0":[0,0]},"_coverageSchema":"1a1c01bbd47fc00a2c39e90264f33305004495a9","hash":"21f5294ddf8990cdc43a5b6286256b13a7a1eb5e"}
,"/Users/gvqz/dev/github/aww-rats/rat-battle-functions/src/utils/decodeSignedMessage.ts": {"path":"/Users/gvqz/dev/github/aww-rats/rat-battle-functions/src/utils/decodeSignedMessage.ts","statementMap":{"0":{"start":{"line":9,"column":35},"end":{"line":20,"column":1}},"1":{"start":{"line":10,"column":2},"end":{"line":19,"column":3}},"2":{"start":{"line":11,"column":17},"end":{"line":11,"column":24}},"3":{"start":{"line":12,"column":16},"end":{"line":12,"column":54}},"4":{"start":{"line":13,"column":22},"end":{"line":13,"column":37}},"5":{"start":{"line":14,"column":22},"end":{"line":14,"column":75}},"6":{"start":{"line":15,"column":4},"end":{"line":15,"column":51}},"7":{"start":{"line":17,"column":4},"end":{"line":17,"column":23}},"8":{"start":{"line":18,"column":4},"end":{"line":18,"column":16}}},"fnMap":{"0":{"name":"(anonymous_0)","decl":{"start":{"line":9,"column":35},"end":{"line":9,"column":36}},"loc":{"start":{"line":9,"column":52},"end":{"line":20,"column":1}},"line":9}},"branchMap":{},"s":{"0":1,"1":2,"2":2,"3":2,"4":2,"5":2,"6":1,"7":1,"8":1},"f":{"0":2},"b":{},"_coverageSchema":"1a1c01bbd47fc00a2c39e90264f33305004495a9","hash":"8988f3ab0b0fa34f9b642c0111f728cdfcb6a8fe"}
,"/Users/gvqz/dev/github/aww-rats/rat-battle-functions/src/utils/getRatMeta.ts": {"path":"/Users/gvqz/dev/github/aww-rats/rat-battle-functions/src/utils/getRatMeta.ts","statementMap":{"0":{"start":{"line":5,"column":26},"end":{"line":17,"column":1}},"1":{"start":{"line":8,"column":45},"end":{"line":8,"column":47}},"2":{"start":{"line":9,"column":2},"end":{"line":15,"column":3}},"3":{"start":{"line":10,"column":16},"end":{"line":10,"column":38}},"4":{"start":{"line":11,"column":17},"end":{"line":13,"column":26}},"5":{"start":{"line":13,"column":19},"end":{"line":13,"column":25}},"6":{"start":{"line":14,"column":4},"end":{"line":14,"column":24}},"7":{"start":{"line":16,"column":2},"end":{"line":16,"column":18}}},"fnMap":{"0":{"name":"(anonymous_0)","decl":{"start":{"line":5,"column":26},"end":{"line":5,"column":27}},"loc":{"start":{"line":7,"column":40},"end":{"line":17,"column":1}},"line":7},"1":{"name":"(anonymous_1)","decl":{"start":{"line":13,"column":12},"end":{"line":13,"column":13}},"loc":{"start":{"line":13,"column":19},"end":{"line":13,"column":25}},"line":13}},"branchMap":{},"s":{"0":1,"1":0,"2":0,"3":0,"4":0,"5":0,"6":0,"7":0},"f":{"0":0,"1":0},"b":{},"_coverageSchema":"1a1c01bbd47fc00a2c39e90264f33305004495a9","hash":"453fa0c48a6c72e83c13e39a087e9a262573bfa7"}
}
